2024-02-14 16:59:39,403 - INFO - Loading up...
2024-02-14 16:59:39,403 - INFO - Prices loaded successfully.
2024-02-14 16:59:39,403 - INFO - Ready for checkout.
2024-02-14 16:59:41,124 - INFO - ...So far Item Quantity: 1, Total Cost: 5.0
2024-02-14 16:59:48,581 - INFO - ...So far Item Quantity: 2, Total Cost: 11.0
2024-02-14 16:59:50,131 - INFO - ...So far Item Quantity: 3, Total Cost: 21.0
2024-02-14 16:59:52,093 - INFO - ...So far Item Quantity: 4, Total Cost: 26.0
2024-02-14 17:00:03,943 - INFO - Exiting checkout.
2024-02-14 17:00:03,943 - INFO - ...Total Item Quantity: 4, Total Cost: 26.0
2024-02-14 21:11:05,337 - INFO - Loading up...
2024-02-14 21:11:05,337 - INFO - Prices loaded successfully.
2024-02-14 21:11:05,338 - INFO - Ready for checkout.
2024-02-14 21:11:07,869 - INFO - ...So far Item Quantity: 1, Total Cost: 5.0
2024-02-14 21:11:08,806 - INFO - ...So far Item Quantity: 2, Total Cost: 10.0
2024-02-14 21:11:09,716 - INFO - ...So far Item Quantity: 3, Total Cost: 14.88
2024-02-14 21:11:10,213 - INFO - ...So far Item Quantity: 4, Total Cost: 19.88
2024-02-14 21:11:10,630 - INFO - ...So far Item Quantity: 5, Total Cost: 24.88
2024-02-14 21:11:11,126 - INFO - ...So far Item Quantity: 6, Total Cost: 29.76
2024-02-14 21:11:12,020 - INFO - Exiting checkout.
2024-02-14 21:11:12,020 - INFO - ...Total Item Quantity: 6, Total Cost: 29.76
2024-02-14 21:11:17,931 - INFO - ...So far Item Quantity: 1, Total Cost: 1.0
2024-02-14 21:11:17,931 - INFO - ...So far Item Quantity: 1, Total Cost: 1.0
2024-02-14 21:11:17,931 - INFO - ...So far Item Quantity: 1, Total Cost: 1.0
2024-02-14 21:11:17,931 - INFO - ...So far Item Quantity: 2, Total Cost: 3.0
2024-02-14 21:11:17,931 - INFO - ...So far Item Quantity: 2, Total Cost: 3.0
2024-02-14 21:11:17,931 - INFO - ...So far Item Quantity: 2, Total Cost: 3.0
2024-02-14 21:11:17,931 - INFO - ...So far Item Quantity: 3, Total Cost: 4.0
2024-02-14 21:11:17,931 - INFO - ...So far Item Quantity: 3, Total Cost: 4.0
2024-02-14 21:11:17,931 - INFO - ...So far Item Quantity: 3, Total Cost: 4.0
2024-02-14 21:11:17,931 - INFO - Exiting checkout.
2024-02-14 21:11:17,931 - INFO - Exiting checkout.
2024-02-14 21:11:17,931 - INFO - Exiting checkout.
2024-02-14 21:11:17,931 - INFO - ...So far Item Quantity: 1, Total Cost: 10.0
2024-02-14 21:11:17,931 - INFO - ...So far Item Quantity: 1, Total Cost: 10.0
2024-02-14 21:11:17,931 - INFO - ...So far Item Quantity: 1, Total Cost: 10.0
2024-02-14 21:11:17,931 - INFO - ...So far Item Quantity: 1, Total Cost: 10.0
2024-02-14 21:11:17,932 - INFO - ...So far Item Quantity: 2, Total Cost: 18.89
2024-02-14 21:11:17,932 - INFO - ...So far Item Quantity: 2, Total Cost: 18.89
2024-02-14 21:11:17,932 - INFO - ...So far Item Quantity: 2, Total Cost: 18.89
2024-02-14 21:11:17,932 - INFO - ...So far Item Quantity: 2, Total Cost: 18.89
2024-02-14 21:11:17,932 - INFO - Exiting checkout.
2024-02-14 21:11:17,932 - INFO - Exiting checkout.
2024-02-14 21:11:17,932 - INFO - Exiting checkout.
2024-02-14 21:11:17,932 - INFO - Exiting checkout.
2024-02-14 21:11:17,932 - INFO - ...So far Item Quantity: 1, Total Cost: 10
2024-02-14 21:11:17,932 - INFO - ...So far Item Quantity: 1, Total Cost: 10
2024-02-14 21:11:17,932 - INFO - ...So far Item Quantity: 1, Total Cost: 10
2024-02-14 21:11:17,932 - INFO - ...So far Item Quantity: 1, Total Cost: 10
2024-02-14 21:11:17,932 - INFO - ...So far Item Quantity: 1, Total Cost: 10
2024-02-14 21:11:17,932 - WARNING - warning: Item 'B' not found in pricing data.
2024-02-14 21:11:17,932 - WARNING - warning: Item 'B' not found in pricing data.
2024-02-14 21:11:17,932 - WARNING - warning: Item 'B' not found in pricing data.
2024-02-14 21:11:17,932 - WARNING - warning: Item 'B' not found in pricing data.
2024-02-14 21:11:17,932 - WARNING - warning: Item 'B' not found in pricing data.
2024-02-14 21:11:17,932 - INFO - ...So far Item Quantity: 2, Total Cost: 15
2024-02-14 21:11:17,932 - INFO - ...So far Item Quantity: 2, Total Cost: 15
2024-02-14 21:11:17,932 - INFO - ...So far Item Quantity: 2, Total Cost: 15
2024-02-14 21:11:17,932 - INFO - ...So far Item Quantity: 2, Total Cost: 15
2024-02-14 21:11:17,932 - INFO - ...So far Item Quantity: 2, Total Cost: 15
2024-02-14 21:11:17,932 - INFO - Exiting checkout.
2024-02-14 21:11:17,932 - INFO - Exiting checkout.
2024-02-14 21:11:17,932 - INFO - Exiting checkout.
2024-02-14 21:11:17,932 - INFO - Exiting checkout.
2024-02-14 21:11:17,932 - INFO - Exiting checkout.
2024-02-14 21:11:17,932 - INFO - ...So far Item Quantity: 1, Total Cost: 9.99
2024-02-14 21:11:17,932 - INFO - ...So far Item Quantity: 1, Total Cost: 9.99
2024-02-14 21:11:17,932 - INFO - ...So far Item Quantity: 1, Total Cost: 9.99
2024-02-14 21:11:17,932 - INFO - ...So far Item Quantity: 1, Total Cost: 9.99
2024-02-14 21:11:17,932 - INFO - ...So far Item Quantity: 1, Total Cost: 9.99
2024-02-14 21:11:17,932 - INFO - ...So far Item Quantity: 1, Total Cost: 9.99
2024-02-14 21:11:17,933 - INFO - ...So far Item Quantity: 2, Total Cost: 16.99
2024-02-14 21:11:17,933 - INFO - ...So far Item Quantity: 2, Total Cost: 16.99
2024-02-14 21:11:17,933 - INFO - ...So far Item Quantity: 2, Total Cost: 16.99
2024-02-14 21:11:17,933 - INFO - ...So far Item Quantity: 2, Total Cost: 16.99
2024-02-14 21:11:17,933 - INFO - ...So far Item Quantity: 2, Total Cost: 16.99
2024-02-14 21:11:17,933 - INFO - ...So far Item Quantity: 2, Total Cost: 16.99
2024-02-14 21:11:17,933 - INFO - ...So far Item Quantity: 3, Total Cost: 26.98
2024-02-14 21:11:17,933 - INFO - ...So far Item Quantity: 3, Total Cost: 26.98
2024-02-14 21:11:17,933 - INFO - ...So far Item Quantity: 3, Total Cost: 26.98
2024-02-14 21:11:17,933 - INFO - ...So far Item Quantity: 3, Total Cost: 26.98
2024-02-14 21:11:17,933 - INFO - ...So far Item Quantity: 3, Total Cost: 26.98
2024-02-14 21:11:17,933 - INFO - ...So far Item Quantity: 3, Total Cost: 26.98
2024-02-14 21:11:17,934 - INFO - Exiting checkout.
2024-02-14 21:11:17,934 - INFO - Exiting checkout.
2024-02-14 21:11:17,934 - INFO - Exiting checkout.
2024-02-14 21:11:17,934 - INFO - Exiting checkout.
2024-02-14 21:11:17,934 - INFO - Exiting checkout.
2024-02-14 21:11:17,934 - INFO - Exiting checkout.
2024-02-14 21:11:17,939 - ERROR - Error: File 'nonexistent_file.csv' not found.
2024-02-14 21:11:17,939 - ERROR - Error: File 'nonexistent_file.csv' not found.
2024-02-14 21:11:17,939 - ERROR - Error: File 'nonexistent_file.csv' not found.
2024-02-14 21:11:17,939 - ERROR - Error: File 'nonexistent_file.csv' not found.
2024-02-14 21:11:17,939 - ERROR - Error: File 'nonexistent_file.csv' not found.
2024-02-14 21:11:17,939 - ERROR - Error: File 'nonexistent_file.csv' not found.
2024-02-14 21:11:17,940 - WARNING - Line 4: Invalid unit_price value. Skip. Please check data.
2024-02-14 21:11:17,940 - WARNING - Line 4: Invalid unit_price value. Skip. Please check data.
2024-02-14 21:11:17,940 - WARNING - Line 4: Invalid unit_price value. Skip. Please check data.
2024-02-14 21:11:17,940 - WARNING - Line 4: Invalid unit_price value. Skip. Please check data.
2024-02-14 21:11:17,940 - WARNING - Line 4: Invalid unit_price value. Skip. Please check data.
2024-02-14 21:11:17,940 - WARNING - Line 4: Invalid unit_price value. Skip. Please check data.
2024-02-14 21:11:17,940 - INFO - Prices loaded successfully.
2024-02-14 21:11:17,940 - INFO - Prices loaded successfully.
2024-02-14 21:11:17,940 - INFO - Prices loaded successfully.
2024-02-14 21:11:17,940 - INFO - Prices loaded successfully.
2024-02-14 21:11:17,940 - INFO - Prices loaded successfully.
2024-02-14 21:11:17,940 - INFO - Prices loaded successfully.
2024-02-14 21:11:17,941 - INFO - Prices loaded successfully.
2024-02-14 21:11:17,941 - INFO - Prices loaded successfully.
2024-02-14 21:11:17,941 - INFO - Prices loaded successfully.
2024-02-14 21:11:17,941 - INFO - Prices loaded successfully.
2024-02-14 21:11:17,941 - INFO - Prices loaded successfully.
2024-02-14 21:11:17,941 - INFO - Prices loaded successfully.
2024-02-14 21:27:48,431 - INFO - Loading up...
2024-02-14 21:27:48,432 - INFO - Prices loaded successfully.
2024-02-14 21:27:48,432 - INFO - Ready for checkout.
2024-02-14 21:27:50,063 - INFO - ...So far Item Quantity: 1, Total Cost: 5.0
2024-02-14 21:27:51,356 - INFO - ...So far Item Quantity: 2, Total Cost: 11.0
2024-02-14 21:27:54,077 - INFO - ...So far Item Quantity: 3, Total Cost: 21.0
2024-02-14 21:27:58,731 - INFO - ...So far Item Quantity: 4, Total Cost: 26.0
2024-02-14 21:28:00,098 - INFO - ...So far Item Quantity: 5, Total Cost: 30.88
2024-02-14 21:28:04,522 - WARNING - warning: Item 'D' not found in pricing data.
2024-02-14 21:28:06,215 - INFO - ...So far Item Quantity: 6, Total Cost: 35.88
2024-02-14 21:28:07,280 - INFO - Exiting checkout.
2024-02-14 21:28:07,281 - INFO - ...Total Item Quantity: 6, Total Cost: 35.88
2024-02-14 21:29:19,704 - INFO - ...So far Item Quantity: 1, Total Cost: 1.0
2024-02-14 21:29:19,704 - INFO - ...So far Item Quantity: 1, Total Cost: 1.0
2024-02-14 21:29:19,704 - INFO - ...So far Item Quantity: 1, Total Cost: 1.0
2024-02-14 21:29:19,705 - INFO - ...So far Item Quantity: 2, Total Cost: 3.0
2024-02-14 21:29:19,705 - INFO - ...So far Item Quantity: 2, Total Cost: 3.0
2024-02-14 21:29:19,705 - INFO - ...So far Item Quantity: 2, Total Cost: 3.0
2024-02-14 21:29:19,705 - INFO - ...So far Item Quantity: 3, Total Cost: 4.0
2024-02-14 21:29:19,705 - INFO - ...So far Item Quantity: 3, Total Cost: 4.0
2024-02-14 21:29:19,705 - INFO - ...So far Item Quantity: 3, Total Cost: 4.0
2024-02-14 21:29:19,705 - INFO - Exiting checkout.
2024-02-14 21:29:19,705 - INFO - Exiting checkout.
2024-02-14 21:29:19,705 - INFO - Exiting checkout.
2024-02-14 21:29:19,705 - INFO - ...So far Item Quantity: 1, Total Cost: 10.0
2024-02-14 21:29:19,705 - INFO - ...So far Item Quantity: 1, Total Cost: 10.0
2024-02-14 21:29:19,705 - INFO - ...So far Item Quantity: 1, Total Cost: 10.0
2024-02-14 21:29:19,705 - INFO - ...So far Item Quantity: 1, Total Cost: 10.0
2024-02-14 21:29:19,705 - INFO - ...So far Item Quantity: 2, Total Cost: 18.89
2024-02-14 21:29:19,705 - INFO - ...So far Item Quantity: 2, Total Cost: 18.89
2024-02-14 21:29:19,705 - INFO - ...So far Item Quantity: 2, Total Cost: 18.89
2024-02-14 21:29:19,705 - INFO - ...So far Item Quantity: 2, Total Cost: 18.89
2024-02-14 21:29:19,705 - INFO - Exiting checkout.
2024-02-14 21:29:19,705 - INFO - Exiting checkout.
2024-02-14 21:29:19,705 - INFO - Exiting checkout.
2024-02-14 21:29:19,705 - INFO - Exiting checkout.
2024-02-14 21:29:19,705 - INFO - ...So far Item Quantity: 1, Total Cost: 10
2024-02-14 21:29:19,705 - INFO - ...So far Item Quantity: 1, Total Cost: 10
2024-02-14 21:29:19,705 - INFO - ...So far Item Quantity: 1, Total Cost: 10
2024-02-14 21:29:19,705 - INFO - ...So far Item Quantity: 1, Total Cost: 10
2024-02-14 21:29:19,705 - INFO - ...So far Item Quantity: 1, Total Cost: 10
2024-02-14 21:29:19,705 - WARNING - warning: Item 'B' not found in pricing data.
2024-02-14 21:29:19,705 - WARNING - warning: Item 'B' not found in pricing data.
2024-02-14 21:29:19,705 - WARNING - warning: Item 'B' not found in pricing data.
2024-02-14 21:29:19,705 - WARNING - warning: Item 'B' not found in pricing data.
2024-02-14 21:29:19,705 - WARNING - warning: Item 'B' not found in pricing data.
2024-02-14 21:29:19,706 - INFO - ...So far Item Quantity: 2, Total Cost: 15
2024-02-14 21:29:19,706 - INFO - ...So far Item Quantity: 2, Total Cost: 15
2024-02-14 21:29:19,706 - INFO - ...So far Item Quantity: 2, Total Cost: 15
2024-02-14 21:29:19,706 - INFO - ...So far Item Quantity: 2, Total Cost: 15
2024-02-14 21:29:19,706 - INFO - ...So far Item Quantity: 2, Total Cost: 15
2024-02-14 21:29:19,706 - INFO - Exiting checkout.
2024-02-14 21:29:19,706 - INFO - Exiting checkout.
2024-02-14 21:29:19,706 - INFO - Exiting checkout.
2024-02-14 21:29:19,706 - INFO - Exiting checkout.
2024-02-14 21:29:19,706 - INFO - Exiting checkout.
2024-02-14 21:29:19,706 - INFO - ...So far Item Quantity: 1, Total Cost: 9.99
2024-02-14 21:29:19,706 - INFO - ...So far Item Quantity: 1, Total Cost: 9.99
2024-02-14 21:29:19,706 - INFO - ...So far Item Quantity: 1, Total Cost: 9.99
2024-02-14 21:29:19,706 - INFO - ...So far Item Quantity: 1, Total Cost: 9.99
2024-02-14 21:29:19,706 - INFO - ...So far Item Quantity: 1, Total Cost: 9.99
2024-02-14 21:29:19,706 - INFO - ...So far Item Quantity: 1, Total Cost: 9.99
2024-02-14 21:29:19,706 - INFO - ...So far Item Quantity: 2, Total Cost: 16.99
2024-02-14 21:29:19,706 - INFO - ...So far Item Quantity: 2, Total Cost: 16.99
2024-02-14 21:29:19,706 - INFO - ...So far Item Quantity: 2, Total Cost: 16.99
2024-02-14 21:29:19,706 - INFO - ...So far Item Quantity: 2, Total Cost: 16.99
2024-02-14 21:29:19,706 - INFO - ...So far Item Quantity: 2, Total Cost: 16.99
2024-02-14 21:29:19,706 - INFO - ...So far Item Quantity: 2, Total Cost: 16.99
2024-02-14 21:29:19,707 - INFO - ...So far Item Quantity: 3, Total Cost: 26.98
2024-02-14 21:29:19,707 - INFO - ...So far Item Quantity: 3, Total Cost: 26.98
2024-02-14 21:29:19,707 - INFO - ...So far Item Quantity: 3, Total Cost: 26.98
2024-02-14 21:29:19,707 - INFO - ...So far Item Quantity: 3, Total Cost: 26.98
2024-02-14 21:29:19,707 - INFO - ...So far Item Quantity: 3, Total Cost: 26.98
2024-02-14 21:29:19,707 - INFO - ...So far Item Quantity: 3, Total Cost: 26.98
2024-02-14 21:29:19,707 - INFO - Exiting checkout.
2024-02-14 21:29:19,707 - INFO - Exiting checkout.
2024-02-14 21:29:19,707 - INFO - Exiting checkout.
2024-02-14 21:29:19,707 - INFO - Exiting checkout.
2024-02-14 21:29:19,707 - INFO - Exiting checkout.
2024-02-14 21:29:19,707 - INFO - Exiting checkout.
2024-02-14 21:29:19,710 - ERROR - Error: File 'nonexistent_file.csv' not found.
2024-02-14 21:29:19,710 - ERROR - Error: File 'nonexistent_file.csv' not found.
2024-02-14 21:29:19,710 - ERROR - Error: File 'nonexistent_file.csv' not found.
2024-02-14 21:29:19,710 - ERROR - Error: File 'nonexistent_file.csv' not found.
2024-02-14 21:29:19,710 - ERROR - Error: File 'nonexistent_file.csv' not found.
2024-02-14 21:29:19,710 - ERROR - Error: File 'nonexistent_file.csv' not found.
2024-02-14 21:29:19,714 - WARNING - Line 4: Invalid unit_price value. Skip. Please check data.
2024-02-14 21:29:19,714 - WARNING - Line 4: Invalid unit_price value. Skip. Please check data.
2024-02-14 21:29:19,714 - WARNING - Line 4: Invalid unit_price value. Skip. Please check data.
2024-02-14 21:29:19,714 - WARNING - Line 4: Invalid unit_price value. Skip. Please check data.
2024-02-14 21:29:19,714 - WARNING - Line 4: Invalid unit_price value. Skip. Please check data.
2024-02-14 21:29:19,714 - WARNING - Line 4: Invalid unit_price value. Skip. Please check data.
2024-02-14 21:29:19,714 - INFO - Prices loaded successfully.
2024-02-14 21:29:19,714 - INFO - Prices loaded successfully.
2024-02-14 21:29:19,714 - INFO - Prices loaded successfully.
2024-02-14 21:29:19,714 - INFO - Prices loaded successfully.
2024-02-14 21:29:19,714 - INFO - Prices loaded successfully.
2024-02-14 21:29:19,714 - INFO - Prices loaded successfully.
2024-02-14 21:29:19,715 - INFO - Prices loaded successfully.
2024-02-14 21:29:19,715 - INFO - Prices loaded successfully.
2024-02-14 21:29:19,715 - INFO - Prices loaded successfully.
2024-02-14 21:29:19,715 - INFO - Prices loaded successfully.
2024-02-14 21:29:19,715 - INFO - Prices loaded successfully.
2024-02-14 21:29:19,715 - INFO - Prices loaded successfully.
2024-02-14 21:29:56,257 - INFO - Loading up...
2024-02-14 21:29:56,258 - INFO - Prices loaded successfully.
2024-02-14 21:29:56,258 - INFO - Ready for checkout.
2024-02-14 21:29:57,181 - INFO - ...So far Item Quantity: 1, Total Cost: 5.0
2024-02-14 21:29:58,229 - INFO - ...So far Item Quantity: 2, Total Cost: 11.0
2024-02-14 21:29:59,056 - INFO - ...So far Item Quantity: 3, Total Cost: 21.0
2024-02-14 21:29:59,717 - WARNING - warning: Item 'D' not found in pricing data.
2024-02-14 21:30:01,151 - WARNING - warning: Item 'E' not found in pricing data.
2024-02-14 21:30:01,731 - WARNING - warning: Item 'E' not found in pricing data.
2024-02-14 21:30:02,610 - WARNING - warning: Item 'E' not found in pricing data.
2024-02-14 21:30:03,472 - INFO - Exiting checkout.
2024-02-14 21:30:03,473 - INFO - ...Total Item Quantity: 3, Total Cost: 21.0
